STDOUT:
============================= test session starts =============================
platform win32 -- Python 3.14.6, pytest-9.1.1, pluggy-1.6.0 -- C:\Program Files\Python314\python.exe
cachedir: .pytest_cache
rootdir: c:\Users\KNP LIBRARY\Downloads\Nebula Search\Nebula-search-engine--main\backend
configfile: pytest.ini
plugins: anyio-4.14.2, asyncio-1.4.0, cov-7.1.0
asyncio: mode=Mode.AUTO, debug=False, asyncio_default_fixture_loop_scope=None, asyncio_default_test_loop_scope=function
collecting ... collected 6 items

tests/e2e/test_e2e_auth.py::test_signup_login_refresh_logout PASSED      [ 16%]
tests/e2e/test_e2e_auth.py::test_duplicate_signup_rejected PASSED        [ 33%]
tests/e2e/test_e2e_auth.py::test_login_wrong_password_returns_401 PASSED [ 50%]
tests/e2e/test_e2e_auth.py::test_weak_password_rejected PASSED           [ 66%]
tests/e2e/test_e2e_auth.py::test_me_without_token_returns_401 PASSED     [ 83%]
tests/e2e/test_e2e_auth.py::test_refresh_token_reuse_rejected PASSED     [100%]

============================== 6 passed in 1.65s ==============================

STDERR:

Return code: 0
